<?xml version="1.0" encoding="UTF-8"?>
<!-- Generated by org.testng.reporters.JUnitReportReporter -->
<testsuite skipped="0" hostname="PVGN50935373A" name="multiplethread.KillThreadTest" tests="1" failures="0" timestamp="26 May 2017 00:06:13 GMT" time="10.027" errors="0">
  <testcase name="testKillThread" time="10.027" classname="multiplethread.KillThreadTest"/>
</testsuite> <!-- multiplethread.KillThreadTest -->
