<?xml version="1.0" encoding="UTF-8"?>
<!-- Generated by org.testng.reporters.JUnitReportReporter -->
<testsuite name="test.andy.hello.SortTest" tests="1" time="0.019" ignored="0" failures="0" timestamp="30 Oct 2017 02:44:25 GMT" skipped="0" hostname="PVGN50935373A" errors="0">
  <testcase name="quickSort" time="0.019" classname="test.andy.hello.SortTest"/>
</testsuite> <!-- test.andy.hello.SortTest -->
