<?xml version="1.0" encoding="UTF-8"?>
<!-- Generated by org.testng.reporters.JUnitReportReporter -->
<testsuite name="test.andy.hello.WiggleSortTest" tests="1" time="0.022" ignored="0" failures="0" timestamp="06 Sep 2017 15:27:14 GMT" skipped="0" hostname="PVGN50935373A" errors="0">
  <testcase name="wiggleSort" time="0.022" classname="test.andy.hello.WiggleSortTest"/>
</testsuite> <!-- test.andy.hello.WiggleSortTest -->
