<?xml version="1.0" encoding="UTF-8"?>
<!-- Generated by org.testng.reporters.JUnitReportReporter -->
<testsuite name="test.andy.hello.LetterCombinationsTest" tests="1" time="0.033" ignored="0" failures="0" timestamp="12 Sep 2017 14:32:03 GMT" skipped="0" hostname="PVGN50935373A" errors="0">
  <testcase name="letterCombinations" time="0.033" classname="test.andy.hello.LetterCombinationsTest"/>
</testsuite> <!-- test.andy.hello.LetterCombinationsTest -->
