<?xml version="1.0" encoding="UTF-8"?>
<!-- Generated by org.testng.reporters.JUnitReportReporter -->
<testsuite name="test.andy.hello.RomanToIntTest" tests="1" time="0.021" ignored="0" failures="0" timestamp="12 Sep 2017 14:34:13 GMT" skipped="0" hostname="PVGN50935373A" errors="0">
  <testcase name="romanToInt" time="0.021" classname="test.andy.hello.RomanToIntTest"/>
</testsuite> <!-- test.andy.hello.RomanToIntTest -->
