<?xml version="1.0" encoding="UTF-8"?>
<!-- Generated by org.testng.reporters.JUnitReportReporter -->
<testsuite name="test.andy.hello.WorkerThreadTest" tests="1" time="4.034" ignored="0" failures="0" timestamp="27 Jul 2017 14:22:30 GMT" skipped="0" hostname="PVGN50935373A" errors="0">
  <testcase name="WorkerThread" time="4.034" classname="test.andy.hello.WorkerThreadTest"/>
</testsuite> <!-- test.andy.hello.WorkerThreadTest -->
