<?xml version="1.0" encoding="UTF-8"?>
<!-- Generated by org.testng.reporters.JUnitReportReporter -->
<testsuite name="test.andy.hello.TestPermissionTest" tests="1" time="0.018" ignored="0" failures="0" timestamp="23 Aug 2017 16:05:41 GMT" skipped="0" hostname="PVGN50935373A" errors="0">
  <testcase name="f" time="0.018" classname="test.andy.hello.TestPermissionTest"/>
</testsuite> <!-- test.andy.hello.TestPermissionTest -->
