<?xml version="1.0" encoding="UTF-8"?>
<!-- Generated by org.testng.reporters.JUnitReportReporter -->
<testsuite name="test.andy.hello.UglyTest" tests="1" time="0.018" ignored="0" failures="0" timestamp="04 Sep 2017 15:25:31 GMT" skipped="0" hostname="PVGN50935373A" errors="0">
  <testcase name="isUgly" time="0.018" classname="test.andy.hello.UglyTest"/>
</testsuite> <!-- test.andy.hello.UglyTest -->
