<?xml version="1.0" encoding="UTF-8"?>
<!-- Generated by org.testng.reporters.JUnitReportReporter -->
<testsuite name="test.andy.hello.ConvertTest" tests="1" time="0.028" ignored="0" failures="0" timestamp="17 Oct 2017 14:55:57 GMT" skipped="0" hostname="PVGN50935373A" errors="0">
  <testcase name="convertPalindrome" time="0.028" classname="test.andy.hello.ConvertTest"/>
</testsuite> <!-- test.andy.hello.ConvertTest -->
