<?xml version="1.0" encoding="UTF-8"?>
<!-- Generated by org.testng.reporters.JUnitReportReporter -->
<testsuite name="test.andy.hello.MinSubStringTest" tests="1" time="0.024" ignored="0" failures="0" timestamp="29 Oct 2017 05:32:29 GMT" skipped="0" hostname="PVGN50935373A" errors="0">
  <testcase name="findMinSubString" time="0.024" classname="test.andy.hello.MinSubStringTest"/>
</testsuite> <!-- test.andy.hello.MinSubStringTest -->
