<?xml version="1.0" encoding="UTF-8"?>
<!-- Generated by org.testng.reporters.JUnitReportReporter -->
<testsuite name="test.andy.hello.MaxProductTest" tests="1" time="0.027" ignored="0" failures="0" timestamp="13 Sep 2017 15:04:21 GMT" skipped="0" hostname="PVGN50935373A" errors="0">
  <testcase name="maxProduct" time="0.027" classname="test.andy.hello.MaxProductTest"/>
</testsuite> <!-- test.andy.hello.MaxProductTest -->
