<?xml version="1.0" encoding="UTF-8"?>
<!-- Generated by org.testng.reporters.JUnitReportReporter -->
<testsuite name="test.andy.hello.CuttingTest" tests="1" time="0.067" ignored="0" failures="0" timestamp="17 Oct 2017 14:33:39 GMT" skipped="0" hostname="PVGN50935373A" errors="0">
  <testcase name="cutting" time="0.067" classname="test.andy.hello.CuttingTest"/>
</testsuite> <!-- test.andy.hello.CuttingTest -->
