<?xml version="1.0" encoding="UTF-8"?>
<!-- Generated by org.testng.reporters.JUnitReportReporter -->
<testsuite name="test.andy.hello.MaxDiffTest" tests="1" time="0.019" ignored="0" failures="0" timestamp="10 Oct 2017 14:30:08 GMT" skipped="0" hostname="PVGN50935373A" errors="0">
  <testcase name="maxDiff" time="0.019" classname="test.andy.hello.MaxDiffTest"/>
</testsuite> <!-- test.andy.hello.MaxDiffTest -->
