<?xml version="1.0" encoding="UTF-8"?>
<!-- Generated by org.testng.reporters.JUnitReportReporter -->
<testsuite name="test.andy.hello.SumTaskTest" tests="1" time="2.060" ignored="0" failures="0" timestamp="18 Jul 2017 01:08:14 GMT" skipped="0" hostname="PVGN50935373A" errors="0">
  <testcase name="SumTask" time="2.060" classname="test.andy.hello.SumTaskTest"/>
</testsuite> <!-- test.andy.hello.SumTaskTest -->
