<?xml version="1.0" encoding="UTF-8"?>
<!-- Generated by org.testng.reporters.JUnitReportReporter -->
<testsuite name="test.andy.hello.TaskThreadTest" tests="1" time="0.026" ignored="0" failures="0" timestamp="31 Jul 2017 14:15:18 GMT" skipped="0" hostname="PVGN50935373A" errors="0">
  <testcase name="TaskThread" time="0.026" classname="test.andy.hello.TaskThreadTest"/>
</testsuite> <!-- test.andy.hello.TaskThreadTest -->
