<?xml version="1.0" encoding="UTF-8"?>
<!-- Generated by org.testng.reporters.JUnitReportReporter -->
<testsuite name="test.andy.hello.FindDuplicateTest" tests="1" time="0.018" ignored="0" failures="0" timestamp="17 Aug 2017 14:29:02 GMT" skipped="0" hostname="PVGN50935373A" errors="0">
  <testcase name="findDuplicate" time="0.018" classname="test.andy.hello.FindDuplicateTest"/>
</testsuite> <!-- test.andy.hello.FindDuplicateTest -->
