<?xml version="1.0" encoding="UTF-8"?>
<!-- Generated by org.testng.reporters.JUnitReportReporter -->
<testsuite name="test.andy.hello.KMPTest" tests="1" time="0.021" ignored="0" failures="0" timestamp="14 Jul 2017 00:48:29 GMT" skipped="0" hostname="PVGN50935373A" errors="0">
  <testcase name="KMP" time="0.021" classname="test.andy.hello.KMPTest"/>
</testsuite> <!-- test.andy.hello.KMPTest -->
