<?xml version="1.0" encoding="UTF-8"?>
<!-- Generated by org.testng.reporters.JUnitReportReporter -->
<testsuite name="test.andy.hello.SolutionTest" tests="1" time="0.022" ignored="0" failures="0" timestamp="02 Aug 2017 15:14:53 GMT" skipped="0" hostname="PVGN50935373A" errors="0">
  <testcase name="kClosest" time="0.022" classname="test.andy.hello.SolutionTest"/>
</testsuite> <!-- test.andy.hello.SolutionTest -->
