<?xml version="1.0" encoding="UTF-8"?>
<!-- Generated by org.testng.reporters.JUnitReportReporter -->
<testsuite name="test.andy.hello.DownLoadTaskTest" tests="1" time="1.254" ignored="0" failures="0" timestamp="31 Jul 2017 14:47:14 GMT" skipped="0" hostname="PVGN50935373A" errors="0">
  <testcase name="DownLoadTask" time="1.254" classname="test.andy.hello.DownLoadTaskTest"/>
</testsuite> <!-- test.andy.hello.DownLoadTaskTest -->
