<?xml version="1.0" encoding="UTF-8"?>
<!-- Generated by org.testng.reporters.JUnitReportReporter -->
<testsuite name="test.andy.hello.AppTestNg" tests="1" time="0.051" ignored="0" failures="0" timestamp="11 Jul 2017 13:39:21 GMT" skipped="0" hostname="PVGN50935373A" errors="0">
  <testcase name="testApp" time="0.051" classname="test.andy.hello.AppTestNg"/>
</testsuite> <!-- test.andy.hello.AppTestNg -->
