<?xml version="1.0" encoding="UTF-8"?>
<!-- Generated by org.testng.reporters.JUnitReportReporter -->
<testsuite name="test.andy.hello.ExpressionExpandTest" tests="1" time="0.039" ignored="0" failures="0" timestamp="07 Aug 2017 15:14:10 GMT" skipped="0" hostname="PVGN50935373A" errors="0">
  <testcase name="expressionExpand" time="0.039" classname="test.andy.hello.ExpressionExpandTest"/>
</testsuite> <!-- test.andy.hello.ExpressionExpandTest -->
