<?xml version="1.0" encoding="UTF-8"?>
<!-- Generated by org.testng.reporters.JUnitReportReporter -->
<testsuite name="test.andy.hello.TwoSumTest" tests="1" time="0.036" ignored="0" failures="0" timestamp="16 Aug 2017 15:07:47 GMT" skipped="0" hostname="PVGN50935373A" errors="0">
  <testcase name="twoSum" time="0.036" classname="test.andy.hello.TwoSumTest"/>
</testsuite> <!-- test.andy.hello.TwoSumTest -->
