<?xml version="1.0" encoding="UTF-8"?>
<!-- Generated by org.testng.reporters.JUnitReportReporter -->
<testsuite name="test.andy.hello.MinCostTest" tests="1" time="0.017" ignored="0" failures="0" timestamp="05 Sep 2017 14:56:43 GMT" skipped="0" hostname="PVGN50935373A" errors="0">
  <testcase name="minCost" time="0.017" classname="test.andy.hello.MinCostTest"/>
</testsuite> <!-- test.andy.hello.MinCostTest -->
