<?xml version="1.0" encoding="UTF-8"?>
<!-- Generated by org.testng.reporters.JUnitReportReporter -->
<testsuite name="test.andy.hello.MaxEnvelopesTest" tests="1" time="0.070" ignored="0" failures="0" timestamp="10 Aug 2017 13:21:38 GMT" skipped="0" hostname="PVGN50935373A" errors="0">
  <testcase name="maxEnvelopes" time="0.070" classname="test.andy.hello.MaxEnvelopesTest"/>
</testsuite> <!-- test.andy.hello.MaxEnvelopesTest -->
