<?xml version="1.0" encoding="UTF-8"?>
<!-- Generated by org.testng.reporters.JUnitReportReporter -->
<testsuite name="test.andy.hello.GenerateParenthesisTest" tests="1" time="0.023" ignored="0" failures="0" timestamp="11 Sep 2017 15:28:29 GMT" skipped="0" hostname="PVGN50935373A" errors="0">
  <testcase name="generateParenthesis" time="0.023" classname="test.andy.hello.GenerateParenthesisTest"/>
</testsuite> <!-- test.andy.hello.GenerateParenthesisTest -->
