<?xml version="1.0" encoding="UTF-8"?>
<!-- Generated by org.testng.reporters.JUnitReportReporter -->
<testsuite name="test.andy.hello.CanPartitionTest" tests="1" time="0.027" ignored="0" failures="0" timestamp="14 Sep 2017 14:21:22 GMT" skipped="0" hostname="PVGN50935373A" errors="0">
  <testcase name="canPartition" time="0.027" classname="test.andy.hello.CanPartitionTest"/>
</testsuite> <!-- test.andy.hello.CanPartitionTest -->
