<?xml version="1.0" encoding="UTF-8"?>
<!-- Generated by org.testng.reporters.JUnitReportReporter -->
<testsuite name="test.andy.hello.HouseRobberTest" tests="1" time="0.037" ignored="0" failures="0" timestamp="23 Aug 2017 15:10:32 GMT" skipped="0" hostname="PVGN50935373A" errors="0">
  <testcase name="houseRobber" time="0.037" classname="test.andy.hello.HouseRobberTest"/>
</testsuite> <!-- test.andy.hello.HouseRobberTest -->
